2026-05-14 13:47:06 | INFO     | backend.api.app                  | ============================================================
2026-05-14 13:47:06 | INFO     | backend.api.app                  |   Unysis PQC Framework API  —  starting up
2026-05-14 13:47:06 | INFO     | backend.api.app                  | ============================================================
2026-05-14 13:47:46 | INFO     | backend.api.app                  | POST /simulate — 6 devices
2026-05-14 13:47:46 | INFO     | backend.simulation.evaluator     | Starting fleet evaluation: 6 devices
2026-05-14 13:47:46 | INFO     | backend.core.risk_engine         | QRI computed: 50.9 (ELEVATED) | sensitivity=3.0 exposure=7.0 lifetime=5.0 threat=5.0 cap=1.1
2026-05-14 13:47:46 | INFO     | backend.core.decision_engine     | Running decision engine for: IoT Temperature Sensor (QRI=50.9)
2026-05-14 13:47:46 | INFO     | backend.core.decision_engine     | Selected 'kyber512_constrained' (score=0.2266, level=1) for 'IoT Temperature Sensor' in 0.97 ms
2026-05-14 13:47:46 | INFO     | backend.core.risk_engine         | QRI computed: 45.2 (MODERATE) | sensitivity=6.5 exposure=5.0 lifetime=2.5 threat=6.0 cap=10.0
2026-05-14 13:47:46 | INFO     | backend.core.decision_engine     | Running decision engine for: Developer Workstation (QRI=45.2)
2026-05-14 13:47:46 | INFO     | backend.core.decision_engine     | Selected 'kyber768_dilithium3' (score=0.9112, level=3) for 'Developer Workstation' in 0.89 ms
2026-05-14 13:47:46 | INFO     | backend.core.risk_engine         | QRI computed: 69.9 (ELEVATED) | sensitivity=7.0 exposure=9.0 lifetime=3.5 threat=7.5 cap=10.0
2026-05-14 13:47:46 | INFO     | backend.core.decision_engine     | Running decision engine for: Public API Server (QRI=69.9)
2026-05-14 13:47:46 | INFO     | backend.core.decision_engine     | Selected 'kyber1024_dilithium5_sphincs' (score=1.0000, level=5) for 'Public API Server' in 1.01 ms
2026-05-14 13:47:46 | INFO     | backend.core.risk_engine         | QRI computed: 96.0 (CRITICAL) | sensitivity=9.5 exposure=5.0 lifetime=10.0 threat=9.5 cap=10.0
2026-05-14 13:47:46 | INFO     | backend.core.decision_engine     | Running decision engine for: Hospital Patient Records DB (QRI=96.0)
2026-05-14 13:47:46 | INFO     | backend.core.decision_engine     | Selected 'kyber1024_dilithium5_sphincs' (score=1.0000, level=5) for 'Hospital Patient Records DB' in 1.67 ms
2026-05-14 13:47:46 | INFO     | backend.core.risk_engine         | QRI computed: 88.2 (CRITICAL) | sensitivity=8.5 exposure=4.0 lifetime=10.0 threat=8.5 cap=10.0
2026-05-14 13:47:46 | INFO     | backend.core.decision_engine     | Running decision engine for: Industrial PLC Controller (QRI=88.2)
2026-05-14 13:47:46 | INFO     | backend.core.decision_engine     | Selected 'kyber1024_dilithium5_sphincs' (score=1.0000, level=5) for 'Industrial PLC Controller' in 1.09 ms
2026-05-14 13:47:46 | INFO     | backend.core.risk_engine         | QRI computed: 41.0 (MODERATE) | sensitivity=4.0 exposure=6.0 lifetime=4.0 threat=5.0 cap=10.0
2026-05-14 13:47:46 | INFO     | backend.core.decision_engine     | Running decision engine for: Smart Home Hub (QRI=41.0)
2026-05-14 13:47:46 | INFO     | backend.core.decision_engine     | Selected 'kyber768_dilithium3' (score=0.8860, level=3) for 'Smart Home Hub' in 0.84 ms
2026-05-14 13:47:46 | INFO     | backend.simulation.evaluator     | Fleet evaluation complete: avg_qri=65.2, critical=2, total_ms=18.8
2026-05-14 13:47:46 | INFO     | backend.core.risk_engine         | QRI computed: 50.9 (ELEVATED) | sensitivity=3.0 exposure=7.0 lifetime=5.0 threat=5.0 cap=1.1
2026-05-14 13:47:46 | INFO     | backend.core.decision_engine     | Running decision engine for: IoT Temperature Sensor (QRI=50.9)
2026-05-14 13:47:46 | INFO     | backend.core.decision_engine     | Selected 'kyber512_constrained' (score=0.2266, level=1) for 'IoT Temperature Sensor' in 0.71 ms
2026-05-14 13:47:46 | INFO     | backend.core.risk_engine         | QRI computed: 45.2 (MODERATE) | sensitivity=6.5 exposure=5.0 lifetime=2.5 threat=6.0 cap=10.0
2026-05-14 13:47:46 | INFO     | backend.core.decision_engine     | Running decision engine for: Developer Workstation (QRI=45.2)
2026-05-14 13:47:46 | INFO     | backend.core.decision_engine     | Selected 'kyber768_dilithium3' (score=0.9112, level=3) for 'Developer Workstation' in 0.74 ms
2026-05-14 13:47:46 | INFO     | backend.core.risk_engine         | QRI computed: 69.9 (ELEVATED) | sensitivity=7.0 exposure=9.0 lifetime=3.5 threat=7.5 cap=10.0
2026-05-14 13:47:46 | INFO     | backend.core.decision_engine     | Running decision engine for: Public API Server (QRI=69.9)
2026-05-14 13:47:46 | INFO     | backend.core.decision_engine     | Selected 'kyber1024_dilithium5_sphincs' (score=1.0000, level=5) for 'Public API Server' in 2.37 ms
2026-05-14 13:47:46 | INFO     | backend.core.risk_engine         | QRI computed: 96.0 (CRITICAL) | sensitivity=9.5 exposure=5.0 lifetime=10.0 threat=9.5 cap=10.0
2026-05-14 13:47:46 | INFO     | backend.core.decision_engine     | Running decision engine for: Hospital Patient Records DB (QRI=96.0)
2026-05-14 13:47:46 | INFO     | backend.core.decision_engine     | Selected 'kyber1024_dilithium5_sphincs' (score=1.0000, level=5) for 'Hospital Patient Records DB' in 1.01 ms
2026-05-14 13:47:46 | INFO     | backend.core.risk_engine         | QRI computed: 88.2 (CRITICAL) | sensitivity=8.5 exposure=4.0 lifetime=10.0 threat=8.5 cap=10.0
2026-05-14 13:47:46 | INFO     | backend.core.decision_engine     | Running decision engine for: Industrial PLC Controller (QRI=88.2)
2026-05-14 13:47:46 | INFO     | backend.core.decision_engine     | Selected 'kyber1024_dilithium5_sphincs' (score=1.0000, level=5) for 'Industrial PLC Controller' in 0.80 ms
2026-05-14 13:47:46 | INFO     | backend.core.risk_engine         | QRI computed: 41.0 (MODERATE) | sensitivity=4.0 exposure=6.0 lifetime=4.0 threat=5.0 cap=10.0
2026-05-14 13:47:46 | INFO     | backend.core.decision_engine     | Running decision engine for: Smart Home Hub (QRI=41.0)
2026-05-14 13:47:46 | INFO     | backend.core.decision_engine     | Selected 'kyber768_dilithium3' (score=0.8860, level=3) for 'Smart Home Hub' in 0.76 ms
2026-05-14 13:48:03 | INFO     | backend.api.app                  | POST /simulate — 6 devices
2026-05-14 13:48:03 | INFO     | backend.simulation.evaluator     | Starting fleet evaluation: 6 devices
2026-05-14 13:48:03 | INFO     | backend.core.risk_engine         | QRI computed: 50.9 (ELEVATED) | sensitivity=3.0 exposure=7.0 lifetime=5.0 threat=5.0 cap=1.1
2026-05-14 13:48:03 | INFO     | backend.core.decision_engine     | Running decision engine for: IoT Temperature Sensor (QRI=50.9)
2026-05-14 13:48:03 | INFO     | backend.core.decision_engine     | Selected 'kyber512_constrained' (score=0.2266, level=1) for 'IoT Temperature Sensor' in 0.77 ms
2026-05-14 13:48:03 | INFO     | backend.core.risk_engine         | QRI computed: 45.2 (MODERATE) | sensitivity=6.5 exposure=5.0 lifetime=2.5 threat=6.0 cap=10.0
2026-05-14 13:48:03 | INFO     | backend.core.decision_engine     | Running decision engine for: Developer Workstation (QRI=45.2)
2026-05-14 13:48:03 | INFO     | backend.core.decision_engine     | Selected 'kyber768_dilithium3' (score=0.9112, level=3) for 'Developer Workstation' in 0.57 ms
2026-05-14 13:48:03 | INFO     | backend.core.risk_engine         | QRI computed: 69.9 (ELEVATED) | sensitivity=7.0 exposure=9.0 lifetime=3.5 threat=7.5 cap=10.0
2026-05-14 13:48:03 | INFO     | backend.core.decision_engine     | Running decision engine for: Public API Server (QRI=69.9)
2026-05-14 13:48:03 | INFO     | backend.core.decision_engine     | Selected 'kyber1024_dilithium5_sphincs' (score=0.8800, level=5) for 'Public API Server' in 0.81 ms
2026-05-14 13:48:03 | INFO     | backend.core.risk_engine         | QRI computed: 96.0 (CRITICAL) | sensitivity=9.5 exposure=5.0 lifetime=10.0 threat=9.5 cap=10.0
2026-05-14 13:48:03 | INFO     | backend.core.decision_engine     | Running decision engine for: Hospital Patient Records DB (QRI=96.0)
2026-05-14 13:48:03 | INFO     | backend.core.decision_engine     | Selected 'kyber1024_dilithium5_sphincs' (score=1.0000, level=5) for 'Hospital Patient Records DB' in 0.80 ms
2026-05-14 13:48:03 | INFO     | backend.core.risk_engine         | QRI computed: 88.2 (CRITICAL) | sensitivity=8.5 exposure=4.0 lifetime=10.0 threat=8.5 cap=10.0
2026-05-14 13:48:03 | INFO     | backend.core.decision_engine     | Running decision engine for: Industrial PLC Controller (QRI=88.2)
2026-05-14 13:48:03 | INFO     | backend.core.decision_engine     | Selected 'kyber1024_dilithium5_sphincs' (score=1.0000, level=5) for 'Industrial PLC Controller' in 0.78 ms
2026-05-14 13:48:03 | INFO     | backend.core.risk_engine         | QRI computed: 41.0 (MODERATE) | sensitivity=4.0 exposure=6.0 lifetime=4.0 threat=5.0 cap=10.0
2026-05-14 13:48:03 | INFO     | backend.core.decision_engine     | Running decision engine for: Smart Home Hub (QRI=41.0)
2026-05-14 13:48:03 | INFO     | backend.core.decision_engine     | Selected 'kyber768_dilithium3' (score=0.8860, level=3) for 'Smart Home Hub' in 0.75 ms
2026-05-14 13:48:03 | INFO     | backend.simulation.evaluator     | Fleet evaluation complete: avg_qri=65.2, critical=2, total_ms=13.1
2026-05-14 13:48:03 | INFO     | backend.core.risk_engine         | QRI computed: 50.9 (ELEVATED) | sensitivity=3.0 exposure=7.0 lifetime=5.0 threat=5.0 cap=1.1
2026-05-14 13:48:03 | INFO     | backend.core.decision_engine     | Running decision engine for: IoT Temperature Sensor (QRI=50.9)
2026-05-14 13:48:03 | INFO     | backend.core.decision_engine     | Selected 'kyber512_constrained' (score=0.2266, level=1) for 'IoT Temperature Sensor' in 2.02 ms
2026-05-14 13:48:03 | INFO     | backend.core.risk_engine         | QRI computed: 45.2 (MODERATE) | sensitivity=6.5 exposure=5.0 lifetime=2.5 threat=6.0 cap=10.0
2026-05-14 13:48:03 | INFO     | backend.core.decision_engine     | Running decision engine for: Developer Workstation (QRI=45.2)
2026-05-14 13:48:03 | INFO     | backend.core.decision_engine     | Selected 'kyber768_dilithium3' (score=0.9112, level=3) for 'Developer Workstation' in 0.71 ms
2026-05-14 13:48:03 | INFO     | backend.core.risk_engine         | QRI computed: 69.9 (ELEVATED) | sensitivity=7.0 exposure=9.0 lifetime=3.5 threat=7.5 cap=10.0
2026-05-14 13:48:04 | INFO     | backend.core.decision_engine     | Running decision engine for: Public API Server (QRI=69.9)
2026-05-14 13:48:04 | INFO     | backend.core.decision_engine     | Selected 'kyber1024_dilithium5_sphincs' (score=0.8800, level=5) for 'Public API Server' in 0.76 ms
2026-05-14 13:48:04 | INFO     | backend.core.risk_engine         | QRI computed: 96.0 (CRITICAL) | sensitivity=9.5 exposure=5.0 lifetime=10.0 threat=9.5 cap=10.0
2026-05-14 13:48:04 | INFO     | backend.core.decision_engine     | Running decision engine for: Hospital Patient Records DB (QRI=96.0)
2026-05-14 13:48:04 | INFO     | backend.core.decision_engine     | Selected 'kyber1024_dilithium5_sphincs' (score=1.0000, level=5) for 'Hospital Patient Records DB' in 1.53 ms
2026-05-14 13:48:04 | INFO     | backend.core.risk_engine         | QRI computed: 88.2 (CRITICAL) | sensitivity=8.5 exposure=4.0 lifetime=10.0 threat=8.5 cap=10.0
2026-05-14 13:48:04 | INFO     | backend.core.decision_engine     | Running decision engine for: Industrial PLC Controller (QRI=88.2)
2026-05-14 13:48:04 | INFO     | backend.core.decision_engine     | Selected 'kyber1024_dilithium5_sphincs' (score=1.0000, level=5) for 'Industrial PLC Controller' in 1.17 ms
2026-05-14 13:48:04 | INFO     | backend.core.risk_engine         | QRI computed: 41.0 (MODERATE) | sensitivity=4.0 exposure=6.0 lifetime=4.0 threat=5.0 cap=10.0
2026-05-14 13:48:04 | INFO     | backend.core.decision_engine     | Running decision engine for: Smart Home Hub (QRI=41.0)
2026-05-14 13:48:04 | INFO     | backend.core.decision_engine     | Selected 'kyber768_dilithium3' (score=0.8860, level=3) for 'Smart Home Hub' in 0.97 ms
2026-05-14 13:48:08 | INFO     | backend.api.app                  | POST /explain — device: IoT Temperature Sensor
2026-05-14 13:48:08 | INFO     | backend.core.risk_engine         | QRI computed: 50.9 (ELEVATED) | sensitivity=3.0 exposure=7.0 lifetime=5.0 threat=5.0 cap=1.1
2026-05-14 13:48:08 | INFO     | backend.core.decision_engine     | Running decision engine for: IoT Temperature Sensor (QRI=50.9)
2026-05-14 13:48:08 | INFO     | backend.core.decision_engine     | Selected 'kyber512_constrained' (score=0.2266, level=1) for 'IoT Temperature Sensor' in 3.09 ms
2026-05-14 13:48:18 | INFO     | backend.api.app                  | POST /simulate — 6 devices
2026-05-14 13:48:18 | INFO     | backend.simulation.evaluator     | Starting fleet evaluation: 6 devices
2026-05-14 13:48:18 | INFO     | backend.core.risk_engine         | QRI computed: 50.9 (ELEVATED) | sensitivity=3.0 exposure=7.0 lifetime=5.0 threat=5.0 cap=1.1
2026-05-14 13:48:18 | INFO     | backend.core.decision_engine     | Running decision engine for: IoT Temperature Sensor (QRI=50.9)
2026-05-14 13:48:18 | INFO     | backend.core.decision_engine     | Selected 'kyber512_constrained' (score=0.2266, level=1) for 'IoT Temperature Sensor' in 0.63 ms
2026-05-14 13:48:18 | INFO     | backend.core.risk_engine         | QRI computed: 45.2 (MODERATE) | sensitivity=6.5 exposure=5.0 lifetime=2.5 threat=6.0 cap=10.0
2026-05-14 13:48:18 | INFO     | backend.core.decision_engine     | Running decision engine for: Developer Workstation (QRI=45.2)
2026-05-14 13:48:18 | INFO     | backend.core.decision_engine     | Selected 'kyber768_dilithium3' (score=0.9112, level=3) for 'Developer Workstation' in 1.22 ms
2026-05-14 13:48:18 | INFO     | backend.core.risk_engine         | QRI computed: 69.9 (ELEVATED) | sensitivity=7.0 exposure=9.0 lifetime=3.5 threat=7.5 cap=10.0
2026-05-14 13:48:18 | INFO     | backend.core.decision_engine     | Running decision engine for: Public API Server (QRI=69.9)
2026-05-14 13:48:18 | INFO     | backend.core.decision_engine     | Selected 'kyber1024_dilithium5_sphincs' (score=1.0000, level=5) for 'Public API Server' in 0.70 ms
2026-05-14 13:48:18 | INFO     | backend.core.risk_engine         | QRI computed: 96.0 (CRITICAL) | sensitivity=9.5 exposure=5.0 lifetime=10.0 threat=9.5 cap=10.0
2026-05-14 13:48:18 | INFO     | backend.core.decision_engine     | Running decision engine for: Hospital Patient Records DB (QRI=96.0)
2026-05-14 13:48:18 | INFO     | backend.core.decision_engine     | Selected 'kyber1024_dilithium5_sphincs' (score=1.0000, level=5) for 'Hospital Patient Records DB' in 0.79 ms
2026-05-14 13:48:18 | INFO     | backend.core.risk_engine         | QRI computed: 88.2 (CRITICAL) | sensitivity=8.5 exposure=4.0 lifetime=10.0 threat=8.5 cap=10.0
2026-05-14 13:48:18 | INFO     | backend.core.decision_engine     | Running decision engine for: Industrial PLC Controller (QRI=88.2)
2026-05-14 13:48:18 | INFO     | backend.core.decision_engine     | Selected 'kyber1024_dilithium5_sphincs' (score=1.0000, level=5) for 'Industrial PLC Controller' in 0.97 ms
2026-05-14 13:48:18 | INFO     | backend.core.risk_engine         | QRI computed: 41.0 (MODERATE) | sensitivity=4.0 exposure=6.0 lifetime=4.0 threat=5.0 cap=10.0
2026-05-14 13:48:18 | INFO     | backend.core.decision_engine     | Running decision engine for: Smart Home Hub (QRI=41.0)
2026-05-14 13:48:18 | INFO     | backend.core.decision_engine     | Selected 'kyber768_dilithium3' (score=0.8860, level=3) for 'Smart Home Hub' in 1.25 ms
2026-05-14 13:48:18 | INFO     | backend.simulation.evaluator     | Fleet evaluation complete: avg_qri=65.2, critical=2, total_ms=15.3
2026-05-14 13:48:18 | INFO     | backend.core.risk_engine         | QRI computed: 50.9 (ELEVATED) | sensitivity=3.0 exposure=7.0 lifetime=5.0 threat=5.0 cap=1.1
2026-05-14 13:48:18 | INFO     | backend.core.decision_engine     | Running decision engine for: IoT Temperature Sensor (QRI=50.9)
2026-05-14 13:48:18 | INFO     | backend.core.decision_engine     | Selected 'kyber512_constrained' (score=0.2266, level=1) for 'IoT Temperature Sensor' in 0.98 ms
2026-05-14 13:48:18 | INFO     | backend.core.risk_engine         | QRI computed: 45.2 (MODERATE) | sensitivity=6.5 exposure=5.0 lifetime=2.5 threat=6.0 cap=10.0
2026-05-14 13:48:18 | INFO     | backend.core.decision_engine     | Running decision engine for: Developer Workstation (QRI=45.2)
2026-05-14 13:48:18 | INFO     | backend.core.decision_engine     | Selected 'kyber768_dilithium3' (score=0.9112, level=3) for 'Developer Workstation' in 1.18 ms
2026-05-14 13:48:18 | INFO     | backend.core.risk_engine         | QRI computed: 69.9 (ELEVATED) | sensitivity=7.0 exposure=9.0 lifetime=3.5 threat=7.5 cap=10.0
2026-05-14 13:48:18 | INFO     | backend.core.decision_engine     | Running decision engine for: Public API Server (QRI=69.9)
2026-05-14 13:48:18 | INFO     | backend.core.decision_engine     | Selected 'kyber1024_dilithium5_sphincs' (score=1.0000, level=5) for 'Public API Server' in 1.17 ms
2026-05-14 13:48:18 | INFO     | backend.core.risk_engine         | QRI computed: 96.0 (CRITICAL) | sensitivity=9.5 exposure=5.0 lifetime=10.0 threat=9.5 cap=10.0
2026-05-14 13:48:18 | INFO     | backend.core.decision_engine     | Running decision engine for: Hospital Patient Records DB (QRI=96.0)
2026-05-14 13:48:18 | INFO     | backend.core.decision_engine     | Selected 'kyber1024_dilithium5_sphincs' (score=1.0000, level=5) for 'Hospital Patient Records DB' in 0.70 ms
2026-05-14 13:48:18 | INFO     | backend.core.risk_engine         | QRI computed: 88.2 (CRITICAL) | sensitivity=8.5 exposure=4.0 lifetime=10.0 threat=8.5 cap=10.0
2026-05-14 13:48:18 | INFO     | backend.core.decision_engine     | Running decision engine for: Industrial PLC Controller (QRI=88.2)
2026-05-14 13:48:18 | INFO     | backend.core.decision_engine     | Selected 'kyber1024_dilithium5_sphincs' (score=1.0000, level=5) for 'Industrial PLC Controller' in 1.48 ms
2026-05-14 13:48:18 | INFO     | backend.core.risk_engine         | QRI computed: 41.0 (MODERATE) | sensitivity=4.0 exposure=6.0 lifetime=4.0 threat=5.0 cap=10.0
2026-05-14 13:48:18 | INFO     | backend.core.decision_engine     | Running decision engine for: Smart Home Hub (QRI=41.0)
2026-05-14 13:48:18 | INFO     | backend.core.decision_engine     | Selected 'kyber768_dilithium3' (score=0.8860, level=3) for 'Smart Home Hub' in 2.83 ms
2026-05-14 13:48:18 | INFO     | backend.api.app                  | POST /simulate — 6 devices
2026-05-14 13:48:18 | INFO     | backend.simulation.evaluator     | Starting fleet evaluation: 6 devices
2026-05-14 13:48:18 | INFO     | backend.core.risk_engine         | QRI computed: 50.9 (ELEVATED) | sensitivity=3.0 exposure=7.0 lifetime=5.0 threat=5.0 cap=1.1
2026-05-14 13:48:18 | INFO     | backend.core.decision_engine     | Running decision engine for: IoT Temperature Sensor (QRI=50.9)
2026-05-14 13:48:18 | INFO     | backend.core.decision_engine     | Selected 'kyber512_constrained' (score=0.2266, level=1) for 'IoT Temperature Sensor' in 0.74 ms
2026-05-14 13:48:18 | INFO     | backend.core.risk_engine         | QRI computed: 45.2 (MODERATE) | sensitivity=6.5 exposure=5.0 lifetime=2.5 threat=6.0 cap=10.0
2026-05-14 13:48:18 | INFO     | backend.core.decision_engine     | Running decision engine for: Developer Workstation (QRI=45.2)
2026-05-14 13:48:18 | INFO     | backend.core.decision_engine     | Selected 'kyber768_dilithium3' (score=0.9112, level=3) for 'Developer Workstation' in 1.41 ms
2026-05-14 13:48:18 | INFO     | backend.core.risk_engine         | QRI computed: 69.9 (ELEVATED) | sensitivity=7.0 exposure=9.0 lifetime=3.5 threat=7.5 cap=10.0
2026-05-14 13:48:18 | INFO     | backend.core.decision_engine     | Running decision engine for: Public API Server (QRI=69.9)
2026-05-14 13:48:18 | INFO     | backend.core.decision_engine     | Selected 'kyber1024_dilithium5_sphincs' (score=1.0000, level=5) for 'Public API Server' in 0.77 ms
2026-05-14 13:48:18 | INFO     | backend.core.risk_engine         | QRI computed: 96.0 (CRITICAL) | sensitivity=9.5 exposure=5.0 lifetime=10.0 threat=9.5 cap=10.0
2026-05-14 13:48:18 | INFO     | backend.core.decision_engine     | Running decision engine for: Hospital Patient Records DB (QRI=96.0)
2026-05-14 13:48:18 | INFO     | backend.core.decision_engine     | Selected 'kyber1024_dilithium5_sphincs' (score=1.0000, level=5) for 'Hospital Patient Records DB' in 0.81 ms
2026-05-14 13:48:18 | INFO     | backend.core.risk_engine         | QRI computed: 88.2 (CRITICAL) | sensitivity=8.5 exposure=4.0 lifetime=10.0 threat=8.5 cap=10.0
2026-05-14 13:48:18 | INFO     | backend.core.decision_engine     | Running decision engine for: Industrial PLC Controller (QRI=88.2)
2026-05-14 13:48:18 | INFO     | backend.core.decision_engine     | Selected 'kyber1024_dilithium5_sphincs' (score=1.0000, level=5) for 'Industrial PLC Controller' in 0.82 ms
2026-05-14 13:48:18 | INFO     | backend.core.risk_engine         | QRI computed: 41.0 (MODERATE) | sensitivity=4.0 exposure=6.0 lifetime=4.0 threat=5.0 cap=10.0
2026-05-14 13:48:18 | INFO     | backend.core.decision_engine     | Running decision engine for: Smart Home Hub (QRI=41.0)
2026-05-14 13:48:18 | INFO     | backend.core.decision_engine     | Selected 'kyber768_dilithium3' (score=0.8860, level=3) for 'Smart Home Hub' in 0.61 ms
2026-05-14 13:48:18 | INFO     | backend.simulation.evaluator     | Fleet evaluation complete: avg_qri=65.2, critical=2, total_ms=14.4
2026-05-14 13:48:18 | INFO     | backend.core.risk_engine         | QRI computed: 50.9 (ELEVATED) | sensitivity=3.0 exposure=7.0 lifetime=5.0 threat=5.0 cap=1.1
2026-05-14 13:48:18 | INFO     | backend.core.decision_engine     | Running decision engine for: IoT Temperature Sensor (QRI=50.9)
2026-05-14 13:48:18 | INFO     | backend.core.decision_engine     | Selected 'kyber512_constrained' (score=0.2266, level=1) for 'IoT Temperature Sensor' in 2.03 ms
2026-05-14 13:48:18 | INFO     | backend.core.risk_engine         | QRI computed: 45.2 (MODERATE) | sensitivity=6.5 exposure=5.0 lifetime=2.5 threat=6.0 cap=10.0
2026-05-14 13:48:18 | INFO     | backend.core.decision_engine     | Running decision engine for: Developer Workstation (QRI=45.2)
2026-05-14 13:48:18 | INFO     | backend.core.decision_engine     | Selected 'kyber768_dilithium3' (score=0.9112, level=3) for 'Developer Workstation' in 0.65 ms
2026-05-14 13:48:18 | INFO     | backend.core.risk_engine         | QRI computed: 69.9 (ELEVATED) | sensitivity=7.0 exposure=9.0 lifetime=3.5 threat=7.5 cap=10.0
2026-05-14 13:48:18 | INFO     | backend.core.decision_engine     | Running decision engine for: Public API Server (QRI=69.9)
2026-05-14 13:48:18 | INFO     | backend.core.decision_engine     | Selected 'kyber1024_dilithium5_sphincs' (score=1.0000, level=5) for 'Public API Server' in 1.00 ms
2026-05-14 13:48:18 | INFO     | backend.core.risk_engine         | QRI computed: 96.0 (CRITICAL) | sensitivity=9.5 exposure=5.0 lifetime=10.0 threat=9.5 cap=10.0
2026-05-14 13:48:18 | INFO     | backend.core.decision_engine     | Running decision engine for: Hospital Patient Records DB (QRI=96.0)
2026-05-14 13:48:18 | INFO     | backend.core.decision_engine     | Selected 'kyber1024_dilithium5_sphincs' (score=1.0000, level=5) for 'Hospital Patient Records DB' in 0.81 ms
2026-05-14 13:48:18 | INFO     | backend.core.risk_engine         | QRI computed: 88.2 (CRITICAL) | sensitivity=8.5 exposure=4.0 lifetime=10.0 threat=8.5 cap=10.0
2026-05-14 13:48:18 | INFO     | backend.core.decision_engine     | Running decision engine for: Industrial PLC Controller (QRI=88.2)
2026-05-14 13:48:18 | INFO     | backend.core.decision_engine     | Selected 'kyber1024_dilithium5_sphincs' (score=1.0000, level=5) for 'Industrial PLC Controller' in 0.82 ms
2026-05-14 13:48:18 | INFO     | backend.core.risk_engine         | QRI computed: 41.0 (MODERATE) | sensitivity=4.0 exposure=6.0 lifetime=4.0 threat=5.0 cap=10.0
2026-05-14 13:48:18 | INFO     | backend.core.decision_engine     | Running decision engine for: Smart Home Hub (QRI=41.0)
2026-05-14 13:48:18 | INFO     | backend.core.decision_engine     | Selected 'kyber768_dilithium3' (score=0.8860, level=3) for 'Smart Home Hub' in 0.66 ms
2026-05-14 13:51:43 | INFO     | backend.api.app                  | Unysis PQC Framework API  —  shutting down
2026-05-14 14:28:21 | INFO     | backend.api.app                  | ============================================================
2026-05-14 14:28:21 | INFO     | backend.api.app                  |   Unysis PQC Framework API  —  starting up
2026-05-14 14:28:21 | INFO     | backend.api.app                  | ============================================================
2026-05-14 14:28:30 | INFO     | backend.api.app                  | POST /simulate — 6 devices
2026-05-14 14:28:30 | INFO     | backend.simulation.evaluator     | Starting fleet evaluation: 6 devices
2026-05-14 14:28:30 | INFO     | backend.core.risk_engine         | QRI computed: 50.9 (ELEVATED) | sensitivity=3.0 exposure=7.0 lifetime=5.0 threat=5.0 cap=1.1
2026-05-14 14:28:30 | INFO     | backend.core.decision_engine     | Running decision engine for: IoT Temperature Sensor (QRI=50.9)
2026-05-14 14:28:30 | INFO     | backend.core.decision_engine     | Selected 'kyber512_constrained' (score=0.2266, level=1) for 'IoT Temperature Sensor' in 0.65 ms
2026-05-14 14:28:30 | INFO     | backend.core.risk_engine         | QRI computed: 45.2 (MODERATE) | sensitivity=6.5 exposure=5.0 lifetime=2.5 threat=6.0 cap=10.0
2026-05-14 14:28:30 | INFO     | backend.core.decision_engine     | Running decision engine for: Developer Workstation (QRI=45.2)
2026-05-14 14:28:30 | INFO     | backend.core.decision_engine     | Selected 'kyber768_dilithium3' (score=0.9112, level=3) for 'Developer Workstation' in 0.73 ms
2026-05-14 14:28:30 | INFO     | backend.core.risk_engine         | QRI computed: 69.9 (ELEVATED) | sensitivity=7.0 exposure=9.0 lifetime=3.5 threat=7.5 cap=10.0
2026-05-14 14:28:30 | INFO     | backend.core.decision_engine     | Running decision engine for: Public API Server (QRI=69.9)
2026-05-14 14:28:30 | INFO     | backend.core.decision_engine     | Selected 'kyber1024_dilithium5_sphincs' (score=1.0000, level=5) for 'Public API Server' in 0.83 ms
2026-05-14 14:28:30 | INFO     | backend.core.risk_engine         | QRI computed: 96.0 (CRITICAL) | sensitivity=9.5 exposure=5.0 lifetime=10.0 threat=9.5 cap=10.0
2026-05-14 14:28:30 | INFO     | backend.core.decision_engine     | Running decision engine for: Hospital Patient Records DB (QRI=96.0)
2026-05-14 14:28:30 | INFO     | backend.core.decision_engine     | Selected 'kyber1024_dilithium5_sphincs' (score=1.0000, level=5) for 'Hospital Patient Records DB' in 0.59 ms
2026-05-14 14:28:30 | INFO     | backend.core.risk_engine         | QRI computed: 88.2 (CRITICAL) | sensitivity=8.5 exposure=4.0 lifetime=10.0 threat=8.5 cap=10.0
2026-05-14 14:28:30 | INFO     | backend.core.decision_engine     | Running decision engine for: Industrial PLC Controller (QRI=88.2)
2026-05-14 14:28:30 | INFO     | backend.core.decision_engine     | Selected 'kyber1024_dilithium5_sphincs' (score=1.0000, level=5) for 'Industrial PLC Controller' in 0.53 ms
2026-05-14 14:28:30 | INFO     | backend.core.risk_engine         | QRI computed: 41.0 (MODERATE) | sensitivity=4.0 exposure=6.0 lifetime=4.0 threat=5.0 cap=10.0
2026-05-14 14:28:30 | INFO     | backend.core.decision_engine     | Running decision engine for: Smart Home Hub (QRI=41.0)
2026-05-14 14:28:30 | INFO     | backend.core.decision_engine     | Selected 'kyber768_dilithium3' (score=0.8860, level=3) for 'Smart Home Hub' in 0.70 ms
2026-05-14 14:28:30 | INFO     | backend.simulation.evaluator     | Fleet evaluation complete: avg_qri=65.2, critical=2, total_ms=10.6
2026-05-14 14:28:30 | INFO     | backend.core.risk_engine         | QRI computed: 50.9 (ELEVATED) | sensitivity=3.0 exposure=7.0 lifetime=5.0 threat=5.0 cap=1.1
2026-05-14 14:28:30 | INFO     | backend.core.decision_engine     | Running decision engine for: IoT Temperature Sensor (QRI=50.9)
2026-05-14 14:28:30 | INFO     | backend.core.decision_engine     | Selected 'kyber512_constrained' (score=0.2266, level=1) for 'IoT Temperature Sensor' in 0.53 ms
2026-05-14 14:28:30 | INFO     | backend.core.risk_engine         | QRI computed: 45.2 (MODERATE) | sensitivity=6.5 exposure=5.0 lifetime=2.5 threat=6.0 cap=10.0
2026-05-14 14:28:30 | INFO     | backend.core.decision_engine     | Running decision engine for: Developer Workstation (QRI=45.2)
2026-05-14 14:28:30 | INFO     | backend.core.decision_engine     | Selected 'kyber768_dilithium3' (score=0.9112, level=3) for 'Developer Workstation' in 0.90 ms
2026-05-14 14:28:30 | INFO     | backend.core.risk_engine         | QRI computed: 69.9 (ELEVATED) | sensitivity=7.0 exposure=9.0 lifetime=3.5 threat=7.5 cap=10.0
2026-05-14 14:28:30 | INFO     | backend.core.decision_engine     | Running decision engine for: Public API Server (QRI=69.9)
2026-05-14 14:28:30 | INFO     | backend.core.decision_engine     | Selected 'kyber1024_dilithium5_sphincs' (score=1.0000, level=5) for 'Public API Server' in 0.64 ms
2026-05-14 14:28:30 | INFO     | backend.core.risk_engine         | QRI computed: 96.0 (CRITICAL) | sensitivity=9.5 exposure=5.0 lifetime=10.0 threat=9.5 cap=10.0
2026-05-14 14:28:30 | INFO     | backend.core.decision_engine     | Running decision engine for: Hospital Patient Records DB (QRI=96.0)
2026-05-14 14:28:30 | INFO     | backend.core.decision_engine     | Selected 'kyber1024_dilithium5_sphincs' (score=1.0000, level=5) for 'Hospital Patient Records DB' in 0.76 ms
2026-05-14 14:28:30 | INFO     | backend.core.risk_engine         | QRI computed: 88.2 (CRITICAL) | sensitivity=8.5 exposure=4.0 lifetime=10.0 threat=8.5 cap=10.0
2026-05-14 14:28:30 | INFO     | backend.core.decision_engine     | Running decision engine for: Industrial PLC Controller (QRI=88.2)
2026-05-14 14:28:30 | INFO     | backend.core.decision_engine     | Selected 'kyber1024_dilithium5_sphincs' (score=1.0000, level=5) for 'Industrial PLC Controller' in 0.61 ms
2026-05-14 14:28:30 | INFO     | backend.core.risk_engine         | QRI computed: 41.0 (MODERATE) | sensitivity=4.0 exposure=6.0 lifetime=4.0 threat=5.0 cap=10.0
2026-05-14 14:28:30 | INFO     | backend.core.decision_engine     | Running decision engine for: Smart Home Hub (QRI=41.0)
2026-05-14 14:28:30 | INFO     | backend.core.decision_engine     | Selected 'kyber768_dilithium3' (score=0.8860, level=3) for 'Smart Home Hub' in 0.47 ms
2026-05-14 14:28:35 | INFO     | backend.api.app                  | POST /simulate — 6 devices
2026-05-14 14:28:35 | INFO     | backend.simulation.evaluator     | Starting fleet evaluation: 6 devices
2026-05-14 14:28:35 | INFO     | backend.core.risk_engine         | QRI computed: 50.9 (ELEVATED) | sensitivity=3.0 exposure=7.0 lifetime=5.0 threat=5.0 cap=1.1
2026-05-14 14:28:35 | INFO     | backend.core.decision_engine     | Running decision engine for: IoT Temperature Sensor (QRI=50.9)
2026-05-14 14:28:35 | INFO     | backend.core.decision_engine     | Selected 'kyber512_constrained' (score=0.2266, level=1) for 'IoT Temperature Sensor' in 0.67 ms
2026-05-14 14:28:35 | INFO     | backend.core.risk_engine         | QRI computed: 45.2 (MODERATE) | sensitivity=6.5 exposure=5.0 lifetime=2.5 threat=6.0 cap=10.0
2026-05-14 14:28:35 | INFO     | backend.core.decision_engine     | Running decision engine for: Developer Workstation (QRI=45.2)
2026-05-14 14:28:35 | INFO     | backend.core.decision_engine     | Selected 'kyber768_dilithium3' (score=0.9112, level=3) for 'Developer Workstation' in 0.81 ms
2026-05-14 14:28:35 | INFO     | backend.core.risk_engine         | QRI computed: 69.9 (ELEVATED) | sensitivity=7.0 exposure=9.0 lifetime=3.5 threat=7.5 cap=10.0
2026-05-14 14:28:35 | INFO     | backend.core.decision_engine     | Running decision engine for: Public API Server (QRI=69.9)
2026-05-14 14:28:35 | INFO     | backend.core.decision_engine     | Selected 'kyber1024_dilithium5_sphincs' (score=1.0000, level=5) for 'Public API Server' in 2.06 ms
2026-05-14 14:28:35 | INFO     | backend.core.risk_engine         | QRI computed: 96.0 (CRITICAL) | sensitivity=9.5 exposure=5.0 lifetime=10.0 threat=9.5 cap=10.0
2026-05-14 14:28:35 | INFO     | backend.core.decision_engine     | Running decision engine for: Hospital Patient Records DB (QRI=96.0)
2026-05-14 14:28:35 | INFO     | backend.core.decision_engine     | Selected 'kyber1024_dilithium5_sphincs' (score=1.0000, level=5) for 'Hospital Patient Records DB' in 0.88 ms
2026-05-14 14:28:35 | INFO     | backend.core.risk_engine         | QRI computed: 88.2 (CRITICAL) | sensitivity=8.5 exposure=4.0 lifetime=10.0 threat=8.5 cap=10.0
2026-05-14 14:28:35 | INFO     | backend.core.decision_engine     | Running decision engine for: Industrial PLC Controller (QRI=88.2)
2026-05-14 14:28:35 | INFO     | backend.core.decision_engine     | Selected 'kyber1024_dilithium5_sphincs' (score=1.0000, level=5) for 'Industrial PLC Controller' in 0.64 ms
2026-05-14 14:28:35 | INFO     | backend.core.risk_engine         | QRI computed: 41.0 (MODERATE) | sensitivity=4.0 exposure=6.0 lifetime=4.0 threat=5.0 cap=10.0
2026-05-14 14:28:35 | INFO     | backend.core.decision_engine     | Running decision engine for: Smart Home Hub (QRI=41.0)
2026-05-14 14:28:35 | INFO     | backend.core.decision_engine     | Selected 'kyber768_dilithium3' (score=0.8860, level=3) for 'Smart Home Hub' in 0.75 ms
2026-05-14 14:28:35 | INFO     | backend.simulation.evaluator     | Fleet evaluation complete: avg_qri=65.2, critical=2, total_ms=15.6
2026-05-14 14:28:35 | INFO     | backend.core.risk_engine         | QRI computed: 50.9 (ELEVATED) | sensitivity=3.0 exposure=7.0 lifetime=5.0 threat=5.0 cap=1.1
2026-05-14 14:28:35 | INFO     | backend.core.decision_engine     | Running decision engine for: IoT Temperature Sensor (QRI=50.9)
2026-05-14 14:28:35 | INFO     | backend.core.decision_engine     | Selected 'kyber512_constrained' (score=0.2266, level=1) for 'IoT Temperature Sensor' in 0.78 ms
2026-05-14 14:28:35 | INFO     | backend.core.risk_engine         | QRI computed: 45.2 (MODERATE) | sensitivity=6.5 exposure=5.0 lifetime=2.5 threat=6.0 cap=10.0
2026-05-14 14:28:35 | INFO     | backend.core.decision_engine     | Running decision engine for: Developer Workstation (QRI=45.2)
2026-05-14 14:28:35 | INFO     | backend.core.decision_engine     | Selected 'kyber768_dilithium3' (score=0.9112, level=3) for 'Developer Workstation' in 0.60 ms
2026-05-14 14:28:35 | INFO     | backend.core.risk_engine         | QRI computed: 69.9 (ELEVATED) | sensitivity=7.0 exposure=9.0 lifetime=3.5 threat=7.5 cap=10.0
2026-05-14 14:28:35 | INFO     | backend.core.decision_engine     | Running decision engine for: Public API Server (QRI=69.9)
2026-05-14 14:28:35 | INFO     | backend.core.decision_engine     | Selected 'kyber1024_dilithium5_sphincs' (score=1.0000, level=5) for 'Public API Server' in 2.51 ms
2026-05-14 14:28:35 | INFO     | backend.core.risk_engine         | QRI computed: 96.0 (CRITICAL) | sensitivity=9.5 exposure=5.0 lifetime=10.0 threat=9.5 cap=10.0
2026-05-14 14:28:35 | INFO     | backend.core.decision_engine     | Running decision engine for: Hospital Patient Records DB (QRI=96.0)
2026-05-14 14:28:35 | INFO     | backend.core.decision_engine     | Selected 'kyber1024_dilithium5_sphincs' (score=1.0000, level=5) for 'Hospital Patient Records DB' in 0.79 ms
2026-05-14 14:28:35 | INFO     | backend.core.risk_engine         | QRI computed: 88.2 (CRITICAL) | sensitivity=8.5 exposure=4.0 lifetime=10.0 threat=8.5 cap=10.0
2026-05-14 14:28:35 | INFO     | backend.core.decision_engine     | Running decision engine for: Industrial PLC Controller (QRI=88.2)
2026-05-14 14:28:35 | INFO     | backend.core.decision_engine     | Selected 'kyber1024_dilithium5_sphincs' (score=1.0000, level=5) for 'Industrial PLC Controller' in 0.79 ms
2026-05-14 14:28:35 | INFO     | backend.core.risk_engine         | QRI computed: 41.0 (MODERATE) | sensitivity=4.0 exposure=6.0 lifetime=4.0 threat=5.0 cap=10.0
2026-05-14 14:28:35 | INFO     | backend.core.decision_engine     | Running decision engine for: Smart Home Hub (QRI=41.0)
2026-05-14 14:28:35 | INFO     | backend.core.decision_engine     | Selected 'kyber768_dilithium3' (score=0.8860, level=3) for 'Smart Home Hub' in 0.68 ms
2026-05-14 14:30:00 | INFO     | backend.api.app                  | POST /analyze — device: Public API Server
2026-05-14 14:30:00 | INFO     | backend.core.risk_engine         | QRI computed: 69.9 (ELEVATED) | sensitivity=7.0 exposure=9.0 lifetime=3.5 threat=7.5 cap=10.0
2026-05-14 14:30:00 | INFO     | backend.core.decision_engine     | Running decision engine for: Public API Server (QRI=69.9)
2026-05-14 14:30:00 | INFO     | backend.core.decision_engine     | Selected 'kyber1024_dilithium5_sphincs' (score=0.8800, level=5) for 'Public API Server' in 0.80 ms
2026-05-14 14:31:11 | INFO     | backend.api.app                  | POST /simulate — 6 devices
2026-05-14 14:31:11 | INFO     | backend.simulation.evaluator     | Starting fleet evaluation: 6 devices
2026-05-14 14:31:11 | INFO     | backend.core.risk_engine         | QRI computed: 50.9 (ELEVATED) | sensitivity=3.0 exposure=7.0 lifetime=5.0 threat=5.0 cap=1.1
2026-05-14 14:31:11 | INFO     | backend.core.decision_engine     | Running decision engine for: IoT Temperature Sensor (QRI=50.9)
2026-05-14 14:31:11 | INFO     | backend.core.decision_engine     | Selected 'kyber512_constrained' (score=0.2266, level=1) for 'IoT Temperature Sensor' in 0.66 ms
2026-05-14 14:31:11 | INFO     | backend.core.risk_engine         | QRI computed: 45.2 (MODERATE) | sensitivity=6.5 exposure=5.0 lifetime=2.5 threat=6.0 cap=10.0
2026-05-14 14:31:11 | INFO     | backend.core.decision_engine     | Running decision engine for: Developer Workstation (QRI=45.2)
2026-05-14 14:31:11 | INFO     | backend.core.decision_engine     | Selected 'kyber768_dilithium3' (score=0.9112, level=3) for 'Developer Workstation' in 0.50 ms
2026-05-14 14:31:11 | INFO     | backend.core.risk_engine         | QRI computed: 69.9 (ELEVATED) | sensitivity=7.0 exposure=9.0 lifetime=3.5 threat=7.5 cap=10.0
2026-05-14 14:31:11 | INFO     | backend.core.decision_engine     | Running decision engine for: Public API Server (QRI=69.9)
2026-05-14 14:31:11 | INFO     | backend.core.decision_engine     | Selected 'kyber1024_dilithium5_sphincs' (score=0.8800, level=5) for 'Public API Server' in 1.06 ms
2026-05-14 14:31:11 | INFO     | backend.core.risk_engine         | QRI computed: 96.0 (CRITICAL) | sensitivity=9.5 exposure=5.0 lifetime=10.0 threat=9.5 cap=10.0
2026-05-14 14:31:11 | INFO     | backend.core.decision_engine     | Running decision engine for: Hospital Patient Records DB (QRI=96.0)
2026-05-14 14:31:11 | INFO     | backend.core.decision_engine     | Selected 'kyber1024_dilithium5_sphincs' (score=1.0000, level=5) for 'Hospital Patient Records DB' in 1.27 ms
2026-05-14 14:31:11 | INFO     | backend.core.risk_engine         | QRI computed: 88.2 (CRITICAL) | sensitivity=8.5 exposure=4.0 lifetime=10.0 threat=8.5 cap=10.0
2026-05-14 14:31:11 | INFO     | backend.core.decision_engine     | Running decision engine for: Industrial PLC Controller (QRI=88.2)
2026-05-14 14:31:11 | INFO     | backend.core.decision_engine     | Selected 'kyber1024_dilithium5_sphincs' (score=1.0000, level=5) for 'Industrial PLC Controller' in 0.78 ms
2026-05-14 14:31:11 | INFO     | backend.core.risk_engine         | QRI computed: 41.0 (MODERATE) | sensitivity=4.0 exposure=6.0 lifetime=4.0 threat=5.0 cap=10.0
2026-05-14 14:31:11 | INFO     | backend.core.decision_engine     | Running decision engine for: Smart Home Hub (QRI=41.0)
2026-05-14 14:31:11 | INFO     | backend.core.decision_engine     | Selected 'kyber768_dilithium3' (score=0.8860, level=3) for 'Smart Home Hub' in 0.76 ms
2026-05-14 14:31:11 | INFO     | backend.simulation.evaluator     | Fleet evaluation complete: avg_qri=65.2, critical=2, total_ms=16.8
2026-05-14 14:31:11 | INFO     | backend.core.risk_engine         | QRI computed: 50.9 (ELEVATED) | sensitivity=3.0 exposure=7.0 lifetime=5.0 threat=5.0 cap=1.1
2026-05-14 14:31:11 | INFO     | backend.core.decision_engine     | Running decision engine for: IoT Temperature Sensor (QRI=50.9)
2026-05-14 14:31:11 | INFO     | backend.core.decision_engine     | Selected 'kyber512_constrained' (score=0.2266, level=1) for 'IoT Temperature Sensor' in 0.65 ms
2026-05-14 14:31:11 | INFO     | backend.core.risk_engine         | QRI computed: 45.2 (MODERATE) | sensitivity=6.5 exposure=5.0 lifetime=2.5 threat=6.0 cap=10.0
2026-05-14 14:31:11 | INFO     | backend.core.decision_engine     | Running decision engine for: Developer Workstation (QRI=45.2)
2026-05-14 14:31:11 | INFO     | backend.core.decision_engine     | Selected 'kyber768_dilithium3' (score=0.9112, level=3) for 'Developer Workstation' in 0.55 ms
2026-05-14 14:31:11 | INFO     | backend.core.risk_engine         | QRI computed: 69.9 (ELEVATED) | sensitivity=7.0 exposure=9.0 lifetime=3.5 threat=7.5 cap=10.0
2026-05-14 14:31:11 | INFO     | backend.core.decision_engine     | Running decision engine for: Public API Server (QRI=69.9)
2026-05-14 14:31:11 | INFO     | backend.core.decision_engine     | Selected 'kyber1024_dilithium5_sphincs' (score=0.8800, level=5) for 'Public API Server' in 0.68 ms
2026-05-14 14:31:11 | INFO     | backend.core.risk_engine         | QRI computed: 96.0 (CRITICAL) | sensitivity=9.5 exposure=5.0 lifetime=10.0 threat=9.5 cap=10.0
2026-05-14 14:31:11 | INFO     | backend.core.decision_engine     | Running decision engine for: Hospital Patient Records DB (QRI=96.0)
2026-05-14 14:31:11 | INFO     | backend.core.decision_engine     | Selected 'kyber1024_dilithium5_sphincs' (score=1.0000, level=5) for 'Hospital Patient Records DB' in 0.76 ms
2026-05-14 14:31:11 | INFO     | backend.core.risk_engine         | QRI computed: 88.2 (CRITICAL) | sensitivity=8.5 exposure=4.0 lifetime=10.0 threat=8.5 cap=10.0
2026-05-14 14:31:11 | INFO     | backend.core.decision_engine     | Running decision engine for: Industrial PLC Controller (QRI=88.2)
2026-05-14 14:31:11 | INFO     | backend.core.decision_engine     | Selected 'kyber1024_dilithium5_sphincs' (score=1.0000, level=5) for 'Industrial PLC Controller' in 0.65 ms
2026-05-14 14:31:11 | INFO     | backend.core.risk_engine         | QRI computed: 41.0 (MODERATE) | sensitivity=4.0 exposure=6.0 lifetime=4.0 threat=5.0 cap=10.0
2026-05-14 14:31:11 | INFO     | backend.core.decision_engine     | Running decision engine for: Smart Home Hub (QRI=41.0)
2026-05-14 14:31:11 | INFO     | backend.core.decision_engine     | Selected 'kyber768_dilithium3' (score=0.8860, level=3) for 'Smart Home Hub' in 0.76 ms
2026-05-14 14:31:41 | INFO     | backend.api.app                  | POST /explain — device: IoT Temperature Sensor
2026-05-14 14:31:41 | INFO     | backend.core.risk_engine         | QRI computed: 50.9 (ELEVATED) | sensitivity=3.0 exposure=7.0 lifetime=5.0 threat=5.0 cap=1.1
2026-05-14 14:31:41 | INFO     | backend.core.decision_engine     | Running decision engine for: IoT Temperature Sensor (QRI=50.9)
2026-05-14 14:31:41 | INFO     | backend.core.decision_engine     | Selected 'kyber512_constrained' (score=0.2266, level=1) for 'IoT Temperature Sensor' in 0.50 ms
2026-05-14 14:31:50 | INFO     | backend.api.app                  | POST /explain — device: Hospital Patient Records DB
2026-05-14 14:31:50 | INFO     | backend.core.risk_engine         | QRI computed: 96.0 (CRITICAL) | sensitivity=9.5 exposure=5.0 lifetime=10.0 threat=9.5 cap=10.0
2026-05-14 14:31:50 | INFO     | backend.core.decision_engine     | Running decision engine for: Hospital Patient Records DB (QRI=96.0)
2026-05-14 14:31:50 | INFO     | backend.core.decision_engine     | Selected 'kyber1024_dilithium5_sphincs' (score=1.0000, level=5) for 'Hospital Patient Records DB' in 0.51 ms
2026-05-14 14:34:48 | INFO     | backend.api.app                  | Unysis PQC Framework API  —  shutting down
2026-05-14 14:34:50 | INFO     | backend.api.app                  | ============================================================
2026-05-14 14:34:50 | INFO     | backend.api.app                  |   Unysis PQC Framework API  —  starting up
2026-05-14 14:34:50 | INFO     | backend.api.app                  | ============================================================
2026-05-14 14:35:18 | INFO     | backend.api.app                  | Unysis PQC Framework API  —  shutting down
2026-05-14 14:35:21 | INFO     | backend.api.app                  | ============================================================
2026-05-14 14:35:21 | INFO     | backend.api.app                  |   Unysis PQC Framework API  —  starting up
2026-05-14 14:35:21 | INFO     | backend.api.app                  | ============================================================
