2026-04-30 01:28:53 | INFO     | api.app                          | ============================================================
2026-04-30 01:28:53 | INFO     | api.app                          |   Unysis PQC Framework API  —  starting up
2026-04-30 01:28:53 | INFO     | api.app                          | ============================================================
2026-04-30 01:29:47 | INFO     | api.app                          | POST /analyze — device: Hospital Patient Records DB
2026-04-30 01:29:47 | INFO     | core.risk_engine                 | QRI computed: 96.0 (CRITICAL) | sensitivity=9.5 exposure=5.0 lifetime=10.0 threat=9.5 cap=10.0
2026-04-30 01:29:47 | INFO     | core.decision_engine             | Running decision engine for: Hospital Patient Records DB (QRI=96.0)
2026-04-30 01:29:47 | INFO     | core.decision_engine             | Selected 'kyber1024_dilithium5_sphincs' (score=1.0000, level=5) for 'Hospital Patient Records DB' in 0.45 ms
2026-04-30 01:29:47 | INFO     | api.app                          | POST /simulate — 2 devices
2026-04-30 01:29:47 | INFO     | simulation.evaluator             | Starting fleet evaluation: 2 devices
2026-04-30 01:29:47 | INFO     | core.risk_engine                 | QRI computed: 96.0 (CRITICAL) | sensitivity=9.5 exposure=5.0 lifetime=10.0 threat=9.5 cap=10.0
2026-04-30 01:29:47 | INFO     | core.decision_engine             | Running decision engine for: Hospital Patient Records DB (QRI=96.0)
2026-04-30 01:29:47 | INFO     | core.decision_engine             | Selected 'kyber1024_dilithium5_sphincs' (score=1.0000, level=5) for 'Hospital Patient Records DB' in 0.47 ms
2026-04-30 01:29:47 | INFO     | core.risk_engine                 | QRI computed: 50.9 (ELEVATED) | sensitivity=3.0 exposure=7.0 lifetime=5.0 threat=5.0 cap=1.1
2026-04-30 01:29:47 | INFO     | core.decision_engine             | Running decision engine for: IoT Temperature Sensor (QRI=50.9)
2026-04-30 01:29:47 | INFO     | core.decision_engine             | Selected 'kyber512_constrained' (score=0.2266, level=1) for 'IoT Temperature Sensor' in 0.49 ms
2026-04-30 01:29:47 | INFO     | simulation.evaluator             | Fleet evaluation complete: avg_qri=73.5, critical=1, total_ms=2.6
2026-04-30 01:29:47 | INFO     | core.risk_engine                 | QRI computed: 96.0 (CRITICAL) | sensitivity=9.5 exposure=5.0 lifetime=10.0 threat=9.5 cap=10.0
2026-04-30 01:29:47 | INFO     | core.decision_engine             | Running decision engine for: Hospital Patient Records DB (QRI=96.0)
2026-04-30 01:29:47 | INFO     | core.decision_engine             | Selected 'kyber1024_dilithium5_sphincs' (score=1.0000, level=5) for 'Hospital Patient Records DB' in 0.55 ms
2026-04-30 01:29:47 | INFO     | core.risk_engine                 | QRI computed: 50.9 (ELEVATED) | sensitivity=3.0 exposure=7.0 lifetime=5.0 threat=5.0 cap=1.1
2026-04-30 01:29:47 | INFO     | core.decision_engine             | Running decision engine for: IoT Temperature Sensor (QRI=50.9)
2026-04-30 01:29:47 | INFO     | core.decision_engine             | Selected 'kyber512_constrained' (score=0.2266, level=1) for 'IoT Temperature Sensor' in 0.48 ms
2026-04-30 01:29:47 | INFO     | api.app                          | POST /explain — device: IoT Temperature Sensor
2026-04-30 01:29:47 | INFO     | core.risk_engine                 | QRI computed: 50.9 (ELEVATED) | sensitivity=3.0 exposure=7.0 lifetime=5.0 threat=5.0 cap=1.1
2026-04-30 01:29:47 | INFO     | core.decision_engine             | Running decision engine for: IoT Temperature Sensor (QRI=50.9)
2026-04-30 01:29:47 | INFO     | core.decision_engine             | Selected 'kyber512_constrained' (score=0.2266, level=1) for 'IoT Temperature Sensor' in 0.26 ms
2026-04-30 01:30:18 | INFO     | api.app                          | POST /analyze — device: Hospital Patient Records DB
2026-04-30 01:30:18 | INFO     | core.risk_engine                 | QRI computed: 96.0 (CRITICAL) | sensitivity=9.5 exposure=5.0 lifetime=10.0 threat=9.5 cap=10.0
2026-04-30 01:30:18 | INFO     | core.decision_engine             | Running decision engine for: Hospital Patient Records DB (QRI=96.0)
2026-04-30 01:30:18 | INFO     | core.decision_engine             | Selected 'kyber1024_dilithium5_sphincs' (score=1.0000, level=5) for 'Hospital Patient Records DB' in 0.59 ms
2026-04-30 01:30:18 | INFO     | api.app                          | POST /simulate — 2 devices
2026-04-30 01:30:18 | INFO     | simulation.evaluator             | Starting fleet evaluation: 2 devices
2026-04-30 01:30:18 | INFO     | core.risk_engine                 | QRI computed: 96.0 (CRITICAL) | sensitivity=9.5 exposure=5.0 lifetime=10.0 threat=9.5 cap=10.0
2026-04-30 01:30:18 | INFO     | core.decision_engine             | Running decision engine for: Hospital Patient Records DB (QRI=96.0)
2026-04-30 01:30:18 | INFO     | core.decision_engine             | Selected 'kyber1024_dilithium5_sphincs' (score=1.0000, level=5) for 'Hospital Patient Records DB' in 0.42 ms
2026-04-30 01:30:18 | INFO     | core.risk_engine                 | QRI computed: 50.9 (ELEVATED) | sensitivity=3.0 exposure=7.0 lifetime=5.0 threat=5.0 cap=1.1
2026-04-30 01:30:18 | INFO     | core.decision_engine             | Running decision engine for: IoT Temperature Sensor (QRI=50.9)
2026-04-30 01:30:18 | INFO     | core.decision_engine             | Selected 'kyber512_constrained' (score=0.2266, level=1) for 'IoT Temperature Sensor' in 0.56 ms
2026-04-30 01:30:18 | INFO     | simulation.evaluator             | Fleet evaluation complete: avg_qri=73.5, critical=1, total_ms=2.5
2026-04-30 01:30:18 | INFO     | core.risk_engine                 | QRI computed: 96.0 (CRITICAL) | sensitivity=9.5 exposure=5.0 lifetime=10.0 threat=9.5 cap=10.0
2026-04-30 01:30:18 | INFO     | core.decision_engine             | Running decision engine for: Hospital Patient Records DB (QRI=96.0)
2026-04-30 01:30:18 | INFO     | core.decision_engine             | Selected 'kyber1024_dilithium5_sphincs' (score=1.0000, level=5) for 'Hospital Patient Records DB' in 0.50 ms
2026-04-30 01:30:18 | INFO     | core.risk_engine                 | QRI computed: 50.9 (ELEVATED) | sensitivity=3.0 exposure=7.0 lifetime=5.0 threat=5.0 cap=1.1
2026-04-30 01:30:18 | INFO     | core.decision_engine             | Running decision engine for: IoT Temperature Sensor (QRI=50.9)
2026-04-30 01:30:18 | INFO     | core.decision_engine             | Selected 'kyber512_constrained' (score=0.2266, level=1) for 'IoT Temperature Sensor' in 0.40 ms
2026-04-30 01:30:18 | INFO     | api.app                          | POST /explain — device: IoT Temperature Sensor
2026-04-30 01:30:18 | INFO     | core.risk_engine                 | QRI computed: 50.9 (ELEVATED) | sensitivity=3.0 exposure=7.0 lifetime=5.0 threat=5.0 cap=1.1
2026-04-30 01:30:18 | INFO     | core.decision_engine             | Running decision engine for: IoT Temperature Sensor (QRI=50.9)
2026-04-30 01:30:18 | INFO     | core.decision_engine             | Selected 'kyber512_constrained' (score=0.2266, level=1) for 'IoT Temperature Sensor' in 0.50 ms
2026-04-30 01:30:55 | INFO     | api.app                          | POST /analyze — device: Hospital Patient Records DB
2026-04-30 01:30:55 | INFO     | core.risk_engine                 | QRI computed: 96.0 (CRITICAL) | sensitivity=9.5 exposure=5.0 lifetime=10.0 threat=9.5 cap=10.0
2026-04-30 01:30:55 | INFO     | core.decision_engine             | Running decision engine for: Hospital Patient Records DB (QRI=96.0)
2026-04-30 01:30:55 | INFO     | core.decision_engine             | Selected 'kyber1024_dilithium5_sphincs' (score=1.0000, level=5) for 'Hospital Patient Records DB' in 0.38 ms
2026-04-30 01:30:55 | INFO     | api.app                          | POST /simulate — 2 devices
2026-04-30 01:30:55 | INFO     | simulation.evaluator             | Starting fleet evaluation: 2 devices
2026-04-30 01:30:55 | INFO     | core.risk_engine                 | QRI computed: 96.0 (CRITICAL) | sensitivity=9.5 exposure=5.0 lifetime=10.0 threat=9.5 cap=10.0
2026-04-30 01:30:55 | INFO     | core.decision_engine             | Running decision engine for: Hospital Patient Records DB (QRI=96.0)
2026-04-30 01:30:55 | INFO     | core.decision_engine             | Selected 'kyber1024_dilithium5_sphincs' (score=1.0000, level=5) for 'Hospital Patient Records DB' in 0.60 ms
2026-04-30 01:30:55 | INFO     | core.risk_engine                 | QRI computed: 50.9 (ELEVATED) | sensitivity=3.0 exposure=7.0 lifetime=5.0 threat=5.0 cap=1.1
2026-04-30 01:30:55 | INFO     | core.decision_engine             | Running decision engine for: IoT Temperature Sensor (QRI=50.9)
2026-04-30 01:30:55 | INFO     | core.decision_engine             | Selected 'kyber512_constrained' (score=0.2266, level=1) for 'IoT Temperature Sensor' in 0.42 ms
2026-04-30 01:30:55 | INFO     | simulation.evaluator             | Fleet evaluation complete: avg_qri=73.5, critical=1, total_ms=2.3
2026-04-30 01:30:55 | INFO     | core.risk_engine                 | QRI computed: 96.0 (CRITICAL) | sensitivity=9.5 exposure=5.0 lifetime=10.0 threat=9.5 cap=10.0
2026-04-30 01:30:55 | INFO     | core.decision_engine             | Running decision engine for: Hospital Patient Records DB (QRI=96.0)
2026-04-30 01:30:55 | INFO     | core.decision_engine             | Selected 'kyber1024_dilithium5_sphincs' (score=1.0000, level=5) for 'Hospital Patient Records DB' in 0.43 ms
2026-04-30 01:30:55 | INFO     | core.risk_engine                 | QRI computed: 50.9 (ELEVATED) | sensitivity=3.0 exposure=7.0 lifetime=5.0 threat=5.0 cap=1.1
2026-04-30 01:30:55 | INFO     | core.decision_engine             | Running decision engine for: IoT Temperature Sensor (QRI=50.9)
2026-04-30 01:30:55 | INFO     | core.decision_engine             | Selected 'kyber512_constrained' (score=0.2266, level=1) for 'IoT Temperature Sensor' in 0.36 ms
2026-04-30 01:30:55 | INFO     | api.app                          | POST /explain — device: IoT Temperature Sensor
2026-04-30 01:30:55 | INFO     | core.risk_engine                 | QRI computed: 50.9 (ELEVATED) | sensitivity=3.0 exposure=7.0 lifetime=5.0 threat=5.0 cap=1.1
2026-04-30 01:30:55 | INFO     | core.decision_engine             | Running decision engine for: IoT Temperature Sensor (QRI=50.9)
2026-04-30 01:30:55 | INFO     | core.decision_engine             | Selected 'kyber512_constrained' (score=0.2266, level=1) for 'IoT Temperature Sensor' in 0.48 ms
2026-04-30 01:31:22 | INFO     | api.app                          | POST /analyze — device: Hospital Patient Records DB
2026-04-30 01:31:22 | INFO     | core.risk_engine                 | QRI computed: 96.0 (CRITICAL) | sensitivity=9.5 exposure=5.0 lifetime=10.0 threat=9.5 cap=10.0
2026-04-30 01:31:22 | INFO     | core.decision_engine             | Running decision engine for: Hospital Patient Records DB (QRI=96.0)
2026-04-30 01:31:22 | INFO     | core.decision_engine             | Selected 'kyber1024_dilithium5_sphincs' (score=1.0000, level=5) for 'Hospital Patient Records DB' in 0.64 ms
2026-04-30 01:31:22 | INFO     | api.app                          | POST /simulate — 2 devices
2026-04-30 01:31:22 | INFO     | simulation.evaluator             | Starting fleet evaluation: 2 devices
2026-04-30 01:31:22 | INFO     | core.risk_engine                 | QRI computed: 96.0 (CRITICAL) | sensitivity=9.5 exposure=5.0 lifetime=10.0 threat=9.5 cap=10.0
2026-04-30 01:31:22 | INFO     | core.decision_engine             | Running decision engine for: Hospital Patient Records DB (QRI=96.0)
2026-04-30 01:31:22 | INFO     | core.decision_engine             | Selected 'kyber1024_dilithium5_sphincs' (score=1.0000, level=5) for 'Hospital Patient Records DB' in 0.77 ms
2026-04-30 01:31:22 | INFO     | core.risk_engine                 | QRI computed: 50.9 (ELEVATED) | sensitivity=3.0 exposure=7.0 lifetime=5.0 threat=5.0 cap=1.1
2026-04-30 01:31:22 | INFO     | core.decision_engine             | Running decision engine for: IoT Temperature Sensor (QRI=50.9)
2026-04-30 01:31:22 | INFO     | core.decision_engine             | Selected 'kyber512_constrained' (score=0.2266, level=1) for 'IoT Temperature Sensor' in 0.34 ms
2026-04-30 01:31:22 | INFO     | simulation.evaluator             | Fleet evaluation complete: avg_qri=73.5, critical=1, total_ms=2.5
2026-04-30 01:31:22 | INFO     | core.risk_engine                 | QRI computed: 96.0 (CRITICAL) | sensitivity=9.5 exposure=5.0 lifetime=10.0 threat=9.5 cap=10.0
2026-04-30 01:31:22 | INFO     | core.decision_engine             | Running decision engine for: Hospital Patient Records DB (QRI=96.0)
2026-04-30 01:31:22 | INFO     | core.decision_engine             | Selected 'kyber1024_dilithium5_sphincs' (score=1.0000, level=5) for 'Hospital Patient Records DB' in 0.41 ms
2026-04-30 01:31:22 | INFO     | core.risk_engine                 | QRI computed: 50.9 (ELEVATED) | sensitivity=3.0 exposure=7.0 lifetime=5.0 threat=5.0 cap=1.1
2026-04-30 01:31:22 | INFO     | core.decision_engine             | Running decision engine for: IoT Temperature Sensor (QRI=50.9)
2026-04-30 01:31:22 | INFO     | core.decision_engine             | Selected 'kyber512_constrained' (score=0.2266, level=1) for 'IoT Temperature Sensor' in 0.41 ms
2026-04-30 01:31:22 | INFO     | api.app                          | POST /explain — device: IoT Temperature Sensor
2026-04-30 01:31:22 | INFO     | core.risk_engine                 | QRI computed: 50.9 (ELEVATED) | sensitivity=3.0 exposure=7.0 lifetime=5.0 threat=5.0 cap=1.1
2026-04-30 01:31:22 | INFO     | core.decision_engine             | Running decision engine for: IoT Temperature Sensor (QRI=50.9)
2026-04-30 01:31:22 | INFO     | core.decision_engine             | Selected 'kyber512_constrained' (score=0.2266, level=1) for 'IoT Temperature Sensor' in 0.42 ms
2026-04-30 01:33:47 | INFO     | api.app                          | ============================================================
2026-04-30 01:33:47 | INFO     | api.app                          |   Unysis PQC Framework API  —  starting up
2026-04-30 01:33:47 | INFO     | api.app                          | ============================================================
2026-04-30 01:37:19 | INFO     | api.app                          | Unysis PQC Framework API  —  shutting down
2026-04-30 01:37:57 | INFO     | api.app                          | ============================================================
2026-04-30 01:37:58 | INFO     | api.app                          |   Unysis PQC Framework API  —  starting up
2026-04-30 01:37:58 | INFO     | api.app                          | ============================================================
2026-04-30 01:42:05 | INFO     | api.app                          | Unysis PQC Framework API  —  shutting down
2026-04-30 01:42:09 | INFO     | api.app                          | ============================================================
2026-04-30 01:42:09 | INFO     | api.app                          |   Unysis PQC Framework API  —  starting up
2026-04-30 01:42:09 | INFO     | api.app                          | ============================================================
2026-04-30 01:43:28 | INFO     | api.app                          | Unysis PQC Framework API  —  shutting down
2026-04-30 01:43:31 | INFO     | api.app                          | ============================================================
2026-04-30 01:43:31 | INFO     | api.app                          |   Unysis PQC Framework API  —  starting up
2026-04-30 01:43:31 | INFO     | api.app                          | ============================================================
2026-04-30 01:43:45 | INFO     | api.app                          | POST /analyze — device: IoT Temperature Sensor
2026-04-30 01:43:45 | INFO     | core.risk_engine                 | QRI computed: 50.9 (ELEVATED) | sensitivity=3.0 exposure=7.0 lifetime=5.0 threat=5.0 cap=1.1
2026-04-30 01:43:45 | INFO     | core.decision_engine             | Running decision engine for: IoT Temperature Sensor (QRI=50.9)
2026-04-30 01:43:45 | INFO     | core.decision_engine             | Selected 'kyber512_constrained' (score=0.2266, level=1) for 'IoT Temperature Sensor' in 1.89 ms
2026-04-30 01:44:09 | INFO     | api.app                          | POST /explain — device: IoT Temperature Sensor
2026-04-30 01:44:09 | INFO     | core.risk_engine                 | QRI computed: 50.9 (ELEVATED) | sensitivity=3.0 exposure=7.0 lifetime=5.0 threat=5.0 cap=1.1
2026-04-30 01:44:09 | INFO     | core.decision_engine             | Running decision engine for: IoT Temperature Sensor (QRI=50.9)
2026-04-30 01:44:09 | INFO     | core.decision_engine             | Selected 'kyber512_constrained' (score=0.2266, level=1) for 'IoT Temperature Sensor' in 1.40 ms
2026-04-30 01:44:19 | INFO     | api.app                          | POST /simulate — 6 devices
2026-04-30 01:44:19 | INFO     | simulation.evaluator             | Starting fleet evaluation: 6 devices
2026-04-30 01:44:19 | INFO     | core.risk_engine                 | QRI computed: 50.9 (ELEVATED) | sensitivity=3.0 exposure=7.0 lifetime=5.0 threat=5.0 cap=1.1
2026-04-30 01:44:19 | INFO     | core.decision_engine             | Running decision engine for: IoT Temperature Sensor (QRI=50.9)
2026-04-30 01:44:19 | INFO     | core.decision_engine             | Selected 'kyber512_constrained' (score=0.2446, level=1) for 'IoT Temperature Sensor' in 0.80 ms
2026-04-30 01:44:19 | INFO     | core.risk_engine                 | QRI computed: 60.3 (ELEVATED) | sensitivity=7.0 exposure=6.0 lifetime=2.5 threat=7.0 cap=10.0
2026-04-30 01:44:19 | INFO     | core.decision_engine             | Running decision engine for: Developer Workstation (QRI=60.3)
2026-04-30 01:44:19 | INFO     | core.decision_engine             | Selected 'kyber1024_dilithium5_sphincs' (score=0.7612, level=5) for 'Developer Workstation' in 0.77 ms
2026-04-30 01:44:19 | INFO     | core.risk_engine                 | QRI computed: 40.8 (MODERATE) | sensitivity=6.0 exposure=9.5 lifetime=1.0 threat=3.0 cap=10.0
2026-04-30 01:44:19 | INFO     | core.decision_engine             | Running decision engine for: Public API Server (QRI=40.8)
2026-04-30 01:44:19 | INFO     | core.decision_engine             | Selected 'kyber768_dilithium3' (score=0.8248, level=3) for 'Public API Server' in 1.17 ms
2026-04-30 01:44:19 | INFO     | core.risk_engine                 | QRI computed: 96.0 (CRITICAL) | sensitivity=9.5 exposure=5.0 lifetime=10.0 threat=9.5 cap=10.0
2026-04-30 01:44:19 | INFO     | core.decision_engine             | Running decision engine for: Hospital Patient Records DB (QRI=96.0)
2026-04-30 01:44:19 | INFO     | core.decision_engine             | Selected 'kyber1024_dilithium5_sphincs' (score=1.0000, level=5) for 'Hospital Patient Records DB' in 0.92 ms
2026-04-30 01:44:19 | INFO     | core.risk_engine                 | QRI computed: 87.9 (CRITICAL) | sensitivity=8.5 exposure=3.0 lifetime=7.5 threat=8.0 cap=1.5
2026-04-30 01:44:19 | INFO     | core.decision_engine             | Running decision engine for: Industrial PLC Controller (QRI=87.9)
2026-04-30 01:44:19 | INFO     | core.decision_engine             | Selected 'kyber1024_dilithium5' (score=0.9700, level=5) for 'Industrial PLC Controller' in 0.99 ms
2026-04-30 01:44:19 | INFO     | core.risk_engine                 | QRI computed: 44.0 (MODERATE) | sensitivity=5.0 exposure=8.5 lifetime=2.5 threat=5.0 cap=10.0
2026-04-30 01:44:19 | INFO     | core.decision_engine             | Running decision engine for: Smart Home Hub (QRI=44.0)
2026-04-30 01:44:19 | INFO     | core.decision_engine             | Selected 'kyber768_dilithium3' (score=0.8440, level=3) for 'Smart Home Hub' in 1.23 ms
2026-04-30 01:44:19 | INFO     | simulation.evaluator             | Fleet evaluation complete: avg_qri=63.3, critical=2, total_ms=16.6
2026-04-30 01:44:19 | INFO     | core.risk_engine                 | QRI computed: 50.9 (ELEVATED) | sensitivity=3.0 exposure=7.0 lifetime=5.0 threat=5.0 cap=1.1
2026-04-30 01:44:19 | INFO     | core.decision_engine             | Running decision engine for: IoT Temperature Sensor (QRI=50.9)
2026-04-30 01:44:19 | INFO     | core.decision_engine             | Selected 'kyber512_constrained' (score=0.2446, level=1) for 'IoT Temperature Sensor' in 0.75 ms
2026-04-30 01:44:19 | INFO     | core.risk_engine                 | QRI computed: 60.3 (ELEVATED) | sensitivity=7.0 exposure=6.0 lifetime=2.5 threat=7.0 cap=10.0
2026-04-30 01:44:19 | INFO     | core.decision_engine             | Running decision engine for: Developer Workstation (QRI=60.3)
2026-04-30 01:44:19 | INFO     | core.decision_engine             | Selected 'kyber1024_dilithium5_sphincs' (score=0.7612, level=5) for 'Developer Workstation' in 0.83 ms
2026-04-30 01:44:19 | INFO     | core.risk_engine                 | QRI computed: 40.8 (MODERATE) | sensitivity=6.0 exposure=9.5 lifetime=1.0 threat=3.0 cap=10.0
2026-04-30 01:44:19 | INFO     | core.decision_engine             | Running decision engine for: Public API Server (QRI=40.8)
2026-04-30 01:44:19 | INFO     | core.decision_engine             | Selected 'kyber768_dilithium3' (score=0.8248, level=3) for 'Public API Server' in 0.79 ms
2026-04-30 01:44:19 | INFO     | core.risk_engine                 | QRI computed: 96.0 (CRITICAL) | sensitivity=9.5 exposure=5.0 lifetime=10.0 threat=9.5 cap=10.0
2026-04-30 01:44:19 | INFO     | core.decision_engine             | Running decision engine for: Hospital Patient Records DB (QRI=96.0)
2026-04-30 01:44:19 | INFO     | core.decision_engine             | Selected 'kyber1024_dilithium5_sphincs' (score=1.0000, level=5) for 'Hospital Patient Records DB' in 0.70 ms
2026-04-30 01:44:19 | INFO     | core.risk_engine                 | QRI computed: 87.9 (CRITICAL) | sensitivity=8.5 exposure=3.0 lifetime=7.5 threat=8.0 cap=1.5
2026-04-30 01:44:19 | INFO     | core.decision_engine             | Running decision engine for: Industrial PLC Controller (QRI=87.9)
2026-04-30 01:44:19 | INFO     | core.decision_engine             | Selected 'kyber1024_dilithium5' (score=0.9700, level=5) for 'Industrial PLC Controller' in 1.64 ms
2026-04-30 01:44:19 | INFO     | core.risk_engine                 | QRI computed: 44.0 (MODERATE) | sensitivity=5.0 exposure=8.5 lifetime=2.5 threat=5.0 cap=10.0
2026-04-30 01:44:19 | INFO     | core.decision_engine             | Running decision engine for: Smart Home Hub (QRI=44.0)
2026-04-30 01:44:19 | INFO     | core.decision_engine             | Selected 'kyber768_dilithium3' (score=0.8440, level=3) for 'Smart Home Hub' in 1.08 ms
2026-04-30 01:46:54 | INFO     | api.app                          | Unysis PQC Framework API  —  shutting down
2026-04-30 01:46:57 | INFO     | api.app                          | ============================================================
2026-04-30 01:46:57 | INFO     | api.app                          |   Unysis PQC Framework API  —  starting up
2026-04-30 01:46:57 | INFO     | api.app                          | ============================================================
2026-04-30 01:47:11 | INFO     | api.app                          | Unysis PQC Framework API  —  shutting down
2026-04-30 01:47:13 | INFO     | api.app                          | ============================================================
2026-04-30 01:47:13 | INFO     | api.app                          |   Unysis PQC Framework API  —  starting up
2026-04-30 01:47:13 | INFO     | api.app                          | ============================================================
2026-04-30 01:49:29 | INFO     | api.app                          | Unysis PQC Framework API  —  shutting down
2026-04-30 01:49:33 | INFO     | api.app                          | ============================================================
2026-04-30 01:49:33 | INFO     | api.app                          |   Unysis PQC Framework API  —  starting up
2026-04-30 01:49:33 | INFO     | api.app                          | ============================================================
2026-04-30 01:49:53 | INFO     | api.app                          | Unysis PQC Framework API  —  shutting down
2026-04-30 01:49:56 | INFO     | api.app                          | ============================================================
2026-04-30 01:49:56 | INFO     | api.app                          |   Unysis PQC Framework API  —  starting up
2026-04-30 01:49:56 | INFO     | api.app                          | ============================================================
2026-04-30 16:56:32 | INFO     | api.app                          | ============================================================
2026-04-30 16:56:32 | INFO     | api.app                          |   Unysis PQC Framework API  —  starting up
2026-04-30 16:56:32 | INFO     | api.app                          | ============================================================
2026-04-30 16:58:57 | INFO     | api.app                          | Unysis PQC Framework API  —  shutting down
2026-04-30 16:59:25 | INFO     | api.app                          | ============================================================
2026-04-30 16:59:25 | INFO     | api.app                          |   Unysis PQC Framework API  —  starting up
2026-04-30 16:59:25 | INFO     | api.app                          | ============================================================
2026-04-30 16:59:53 | INFO     | api.app                          | POST /analyze — device: IoT Temperature Sensor
2026-04-30 16:59:53 | INFO     | core.risk_engine                 | QRI computed: 50.9 (ELEVATED) | sensitivity=3.0 exposure=7.0 lifetime=5.0 threat=5.0 cap=1.1
2026-04-30 16:59:53 | INFO     | core.decision_engine             | Running decision engine for: IoT Temperature Sensor (QRI=50.9)
2026-04-30 16:59:53 | INFO     | core.decision_engine             | Selected 'kyber512_constrained' (score=0.2266, level=1) for 'IoT Temperature Sensor' in 0.80 ms
2026-04-30 17:00:08 | INFO     | api.app                          | POST /explain — device: IoT Temperature Sensor
2026-04-30 17:00:08 | INFO     | core.risk_engine                 | QRI computed: 50.9 (ELEVATED) | sensitivity=3.0 exposure=7.0 lifetime=5.0 threat=5.0 cap=1.1
2026-04-30 17:00:08 | INFO     | core.decision_engine             | Running decision engine for: IoT Temperature Sensor (QRI=50.9)
2026-04-30 17:00:08 | INFO     | core.decision_engine             | Selected 'kyber512_constrained' (score=0.2266, level=1) for 'IoT Temperature Sensor' in 0.89 ms
2026-04-30 17:06:06 | INFO     | api.app                          | POST /simulate — 6 devices
2026-04-30 17:06:06 | INFO     | simulation.evaluator             | Starting fleet evaluation: 6 devices
2026-04-30 17:06:06 | INFO     | core.risk_engine                 | QRI computed: 50.9 (ELEVATED) | sensitivity=3.0 exposure=7.0 lifetime=5.0 threat=5.0 cap=1.1
2026-04-30 17:06:06 | INFO     | core.decision_engine             | Running decision engine for: IoT Temperature Sensor (QRI=50.9)
2026-04-30 17:06:06 | INFO     | core.decision_engine             | Selected 'kyber512_constrained' (score=0.2266, level=1) for 'IoT Temperature Sensor' in 0.95 ms
2026-04-30 17:06:06 | INFO     | core.risk_engine                 | QRI computed: 60.3 (ELEVATED) | sensitivity=7.0 exposure=6.0 lifetime=2.5 threat=7.0 cap=10.0
2026-04-30 17:06:06 | INFO     | core.decision_engine             | Running decision engine for: Developer Workstation (QRI=60.3)
2026-04-30 17:06:06 | INFO     | core.decision_engine             | Selected 'kyber1024_dilithium5_sphincs' (score=0.8212, level=5) for 'Developer Workstation' in 0.87 ms
2026-04-30 17:06:06 | INFO     | core.risk_engine                 | QRI computed: 40.8 (MODERATE) | sensitivity=6.0 exposure=9.5 lifetime=1.0 threat=3.0 cap=10.0
2026-04-30 17:06:06 | INFO     | core.decision_engine             | Running decision engine for: Public API Server (QRI=40.8)
2026-04-30 17:06:06 | INFO     | core.decision_engine             | Selected 'kyber768_dilithium3' (score=0.8848, level=3) for 'Public API Server' in 1.07 ms
2026-04-30 17:06:06 | INFO     | core.risk_engine                 | QRI computed: 96.0 (CRITICAL) | sensitivity=9.5 exposure=5.0 lifetime=10.0 threat=9.5 cap=10.0
2026-04-30 17:06:06 | INFO     | core.decision_engine             | Running decision engine for: Hospital Patient Records DB (QRI=96.0)
2026-04-30 17:06:06 | INFO     | core.decision_engine             | Selected 'kyber1024_dilithium5_sphincs' (score=1.0000, level=5) for 'Hospital Patient Records DB' in 1.21 ms
2026-04-30 17:06:06 | INFO     | core.risk_engine                 | QRI computed: 87.9 (CRITICAL) | sensitivity=8.5 exposure=3.0 lifetime=7.5 threat=8.0 cap=1.5
2026-04-30 17:06:06 | INFO     | core.decision_engine             | Running decision engine for: Industrial PLC Controller (QRI=87.9)
2026-04-30 17:06:06 | INFO     | core.decision_engine             | Selected 'kyber1024_dilithium5' (score=0.9700, level=5) for 'Industrial PLC Controller' in 0.87 ms
2026-04-30 17:06:06 | INFO     | core.risk_engine                 | QRI computed: 44.0 (MODERATE) | sensitivity=5.0 exposure=8.5 lifetime=2.5 threat=5.0 cap=10.0
2026-04-30 17:06:06 | INFO     | core.decision_engine             | Running decision engine for: Smart Home Hub (QRI=44.0)
2026-04-30 17:06:06 | INFO     | core.decision_engine             | Selected 'kyber768_dilithium3' (score=0.9040, level=3) for 'Smart Home Hub' in 0.90 ms
2026-04-30 17:06:06 | INFO     | simulation.evaluator             | Fleet evaluation complete: avg_qri=63.3, critical=2, total_ms=17.0
2026-04-30 17:06:06 | INFO     | core.risk_engine                 | QRI computed: 50.9 (ELEVATED) | sensitivity=3.0 exposure=7.0 lifetime=5.0 threat=5.0 cap=1.1
2026-04-30 17:06:06 | INFO     | core.decision_engine             | Running decision engine for: IoT Temperature Sensor (QRI=50.9)
2026-04-30 17:06:06 | INFO     | core.decision_engine             | Selected 'kyber512_constrained' (score=0.2266, level=1) for 'IoT Temperature Sensor' in 0.87 ms
2026-04-30 17:06:06 | INFO     | core.risk_engine                 | QRI computed: 60.3 (ELEVATED) | sensitivity=7.0 exposure=6.0 lifetime=2.5 threat=7.0 cap=10.0
2026-04-30 17:06:06 | INFO     | core.decision_engine             | Running decision engine for: Developer Workstation (QRI=60.3)
2026-04-30 17:06:06 | INFO     | core.decision_engine             | Selected 'kyber1024_dilithium5_sphincs' (score=0.8212, level=5) for 'Developer Workstation' in 1.83 ms
2026-04-30 17:06:06 | INFO     | core.risk_engine                 | QRI computed: 40.8 (MODERATE) | sensitivity=6.0 exposure=9.5 lifetime=1.0 threat=3.0 cap=10.0
2026-04-30 17:06:06 | INFO     | core.decision_engine             | Running decision engine for: Public API Server (QRI=40.8)
2026-04-30 17:06:06 | INFO     | core.decision_engine             | Selected 'kyber768_dilithium3' (score=0.8848, level=3) for 'Public API Server' in 0.90 ms
2026-04-30 17:06:06 | INFO     | core.risk_engine                 | QRI computed: 96.0 (CRITICAL) | sensitivity=9.5 exposure=5.0 lifetime=10.0 threat=9.5 cap=10.0
2026-04-30 17:06:06 | INFO     | core.decision_engine             | Running decision engine for: Hospital Patient Records DB (QRI=96.0)
2026-04-30 17:06:06 | INFO     | core.decision_engine             | Selected 'kyber1024_dilithium5_sphincs' (score=1.0000, level=5) for 'Hospital Patient Records DB' in 0.81 ms
2026-04-30 17:06:06 | INFO     | core.risk_engine                 | QRI computed: 87.9 (CRITICAL) | sensitivity=8.5 exposure=3.0 lifetime=7.5 threat=8.0 cap=1.5
2026-04-30 17:06:06 | INFO     | core.decision_engine             | Running decision engine for: Industrial PLC Controller (QRI=87.9)
2026-04-30 17:06:06 | INFO     | core.decision_engine             | Selected 'kyber1024_dilithium5' (score=0.9700, level=5) for 'Industrial PLC Controller' in 0.98 ms
2026-04-30 17:06:06 | INFO     | core.risk_engine                 | QRI computed: 44.0 (MODERATE) | sensitivity=5.0 exposure=8.5 lifetime=2.5 threat=5.0 cap=10.0
2026-04-30 17:06:06 | INFO     | core.decision_engine             | Running decision engine for: Smart Home Hub (QRI=44.0)
2026-04-30 17:06:06 | INFO     | core.decision_engine             | Selected 'kyber768_dilithium3' (score=0.9040, level=3) for 'Smart Home Hub' in 1.00 ms
2026-04-30 17:09:21 | INFO     | api.app                          | Unysis PQC Framework API  —  shutting down
2026-04-30 17:09:24 | INFO     | api.app                          | ============================================================
2026-04-30 17:09:24 | INFO     | api.app                          |   Unysis PQC Framework API  —  starting up
2026-04-30 17:09:24 | INFO     | api.app                          | ============================================================
2026-04-30 17:10:06 | INFO     | api.app                          | Unysis PQC Framework API  —  shutting down
2026-04-30 17:10:09 | INFO     | api.app                          | ============================================================
2026-04-30 17:10:09 | INFO     | api.app                          |   Unysis PQC Framework API  —  starting up
2026-04-30 17:10:09 | INFO     | api.app                          | ============================================================
2026-04-30 17:26:25 | INFO     | api.app                          | POST /analyze — device: IoT Temperature Sensor
2026-04-30 17:26:25 | INFO     | core.risk_engine                 | QRI computed: 50.9 (ELEVATED) | sensitivity=3.0 exposure=7.0 lifetime=5.0 threat=5.0 cap=1.1
2026-04-30 17:26:25 | INFO     | core.decision_engine             | Running decision engine for: IoT Temperature Sensor (QRI=50.9)
2026-04-30 17:26:25 | INFO     | core.decision_engine             | Selected 'kyber512_constrained' (score=0.2266, level=1) for 'IoT Temperature Sensor' in 0.48 ms
2026-04-30 17:27:55 | INFO     | api.app                          | POST /explain — device: IoT Temperature Sensor
2026-04-30 17:27:55 | INFO     | core.risk_engine                 | QRI computed: 50.9 (ELEVATED) | sensitivity=3.0 exposure=7.0 lifetime=5.0 threat=5.0 cap=1.1
2026-04-30 17:27:55 | INFO     | core.decision_engine             | Running decision engine for: IoT Temperature Sensor (QRI=50.9)
2026-04-30 17:27:55 | INFO     | core.decision_engine             | Selected 'kyber512_constrained' (score=0.2266, level=1) for 'IoT Temperature Sensor' in 6.83 ms
2026-04-30 17:28:12 | INFO     | api.app                          | POST /explain — device: Hospital Patient Records DB
2026-04-30 17:28:12 | INFO     | core.risk_engine                 | QRI computed: 96.0 (CRITICAL) | sensitivity=9.5 exposure=5.0 lifetime=10.0 threat=9.5 cap=10.0
2026-04-30 17:28:12 | INFO     | core.decision_engine             | Running decision engine for: Hospital Patient Records DB (QRI=96.0)
2026-04-30 17:28:12 | INFO     | core.decision_engine             | Selected 'kyber1024_dilithium5_sphincs' (score=1.0000, level=5) for 'Hospital Patient Records DB' in 0.90 ms
2026-04-30 17:29:08 | INFO     | api.app                          | POST /simulate — 6 devices
2026-04-30 17:29:08 | INFO     | simulation.evaluator             | Starting fleet evaluation: 6 devices
2026-04-30 17:29:08 | INFO     | core.risk_engine                 | QRI computed: 50.9 (ELEVATED) | sensitivity=3.0 exposure=7.0 lifetime=5.0 threat=5.0 cap=1.1
2026-04-30 17:29:08 | INFO     | core.decision_engine             | Running decision engine for: IoT Temperature Sensor (QRI=50.9)
2026-04-30 17:29:08 | INFO     | core.decision_engine             | Selected 'kyber512_constrained' (score=0.2266, level=1) for 'IoT Temperature Sensor' in 1.56 ms
2026-04-30 17:29:08 | INFO     | core.risk_engine                 | QRI computed: 60.3 (ELEVATED) | sensitivity=7.0 exposure=6.0 lifetime=2.5 threat=7.0 cap=10.0
2026-04-30 17:29:08 | INFO     | core.decision_engine             | Running decision engine for: Developer Workstation (QRI=60.3)
2026-04-30 17:29:08 | INFO     | core.decision_engine             | Selected 'kyber1024_dilithium5_sphincs' (score=0.8212, level=5) for 'Developer Workstation' in 1.75 ms
2026-04-30 17:29:08 | INFO     | core.risk_engine                 | QRI computed: 40.8 (MODERATE) | sensitivity=6.0 exposure=9.5 lifetime=1.0 threat=3.0 cap=10.0
2026-04-30 17:29:08 | INFO     | core.decision_engine             | Running decision engine for: Public API Server (QRI=40.8)
2026-04-30 17:29:08 | INFO     | core.decision_engine             | Selected 'kyber768_dilithium3' (score=0.8848, level=3) for 'Public API Server' in 1.04 ms
2026-04-30 17:29:08 | INFO     | core.risk_engine                 | QRI computed: 96.0 (CRITICAL) | sensitivity=9.5 exposure=5.0 lifetime=10.0 threat=9.5 cap=10.0
2026-04-30 17:29:08 | INFO     | core.decision_engine             | Running decision engine for: Hospital Patient Records DB (QRI=96.0)
2026-04-30 17:29:08 | INFO     | core.decision_engine             | Selected 'kyber1024_dilithium5_sphincs' (score=1.0000, level=5) for 'Hospital Patient Records DB' in 1.33 ms
2026-04-30 17:29:08 | INFO     | core.risk_engine                 | QRI computed: 87.9 (CRITICAL) | sensitivity=8.5 exposure=3.0 lifetime=7.5 threat=8.0 cap=1.5
2026-04-30 17:29:08 | INFO     | core.decision_engine             | Running decision engine for: Industrial PLC Controller (QRI=87.9)
2026-04-30 17:29:08 | INFO     | core.decision_engine             | Selected 'kyber1024_dilithium5' (score=0.9700, level=5) for 'Industrial PLC Controller' in 1.25 ms
2026-04-30 17:29:08 | INFO     | core.risk_engine                 | QRI computed: 44.0 (MODERATE) | sensitivity=5.0 exposure=8.5 lifetime=2.5 threat=5.0 cap=10.0
2026-04-30 17:29:08 | INFO     | core.decision_engine             | Running decision engine for: Smart Home Hub (QRI=44.0)
2026-04-30 17:29:08 | INFO     | core.decision_engine             | Selected 'kyber768_dilithium3' (score=0.9040, level=3) for 'Smart Home Hub' in 0.85 ms
2026-04-30 17:29:08 | INFO     | simulation.evaluator             | Fleet evaluation complete: avg_qri=63.3, critical=2, total_ms=22.5
2026-04-30 17:29:08 | INFO     | core.risk_engine                 | QRI computed: 50.9 (ELEVATED) | sensitivity=3.0 exposure=7.0 lifetime=5.0 threat=5.0 cap=1.1
2026-04-30 17:29:08 | INFO     | core.decision_engine             | Running decision engine for: IoT Temperature Sensor (QRI=50.9)
2026-04-30 17:29:08 | INFO     | core.decision_engine             | Selected 'kyber512_constrained' (score=0.2266, level=1) for 'IoT Temperature Sensor' in 1.47 ms
2026-04-30 17:29:08 | INFO     | core.risk_engine                 | QRI computed: 60.3 (ELEVATED) | sensitivity=7.0 exposure=6.0 lifetime=2.5 threat=7.0 cap=10.0
2026-04-30 17:29:08 | INFO     | core.decision_engine             | Running decision engine for: Developer Workstation (QRI=60.3)
2026-04-30 17:29:08 | INFO     | core.decision_engine             | Selected 'kyber1024_dilithium5_sphincs' (score=0.8212, level=5) for 'Developer Workstation' in 1.56 ms
2026-04-30 17:29:08 | INFO     | core.risk_engine                 | QRI computed: 40.8 (MODERATE) | sensitivity=6.0 exposure=9.5 lifetime=1.0 threat=3.0 cap=10.0
2026-04-30 17:29:08 | INFO     | core.decision_engine             | Running decision engine for: Public API Server (QRI=40.8)
2026-04-30 17:29:08 | INFO     | core.decision_engine             | Selected 'kyber768_dilithium3' (score=0.8848, level=3) for 'Public API Server' in 0.86 ms
2026-04-30 17:29:08 | INFO     | core.risk_engine                 | QRI computed: 96.0 (CRITICAL) | sensitivity=9.5 exposure=5.0 lifetime=10.0 threat=9.5 cap=10.0
2026-04-30 17:29:08 | INFO     | core.decision_engine             | Running decision engine for: Hospital Patient Records DB (QRI=96.0)
2026-04-30 17:29:08 | INFO     | core.decision_engine             | Selected 'kyber1024_dilithium5_sphincs' (score=1.0000, level=5) for 'Hospital Patient Records DB' in 0.88 ms
2026-04-30 17:29:08 | INFO     | core.risk_engine                 | QRI computed: 87.9 (CRITICAL) | sensitivity=8.5 exposure=3.0 lifetime=7.5 threat=8.0 cap=1.5
2026-04-30 17:29:08 | INFO     | core.decision_engine             | Running decision engine for: Industrial PLC Controller (QRI=87.9)
2026-04-30 17:29:08 | INFO     | core.decision_engine             | Selected 'kyber1024_dilithium5' (score=0.9700, level=5) for 'Industrial PLC Controller' in 0.76 ms
2026-04-30 17:29:08 | INFO     | core.risk_engine                 | QRI computed: 44.0 (MODERATE) | sensitivity=5.0 exposure=8.5 lifetime=2.5 threat=5.0 cap=10.0
2026-04-30 17:29:08 | INFO     | core.decision_engine             | Running decision engine for: Smart Home Hub (QRI=44.0)
2026-04-30 17:29:08 | INFO     | core.decision_engine             | Selected 'kyber768_dilithium3' (score=0.9040, level=3) for 'Smart Home Hub' in 1.41 ms
2026-04-30 17:31:37 | INFO     | api.app                          | Unysis PQC Framework API  —  shutting down
2026-04-30 17:31:40 | INFO     | api.app                          | ============================================================
2026-04-30 17:31:40 | INFO     | api.app                          |   Unysis PQC Framework API  —  starting up
2026-04-30 17:31:40 | INFO     | api.app                          | ============================================================
2026-04-30 17:32:33 | INFO     | api.app                          | Unysis PQC Framework API  —  shutting down
2026-04-30 17:32:36 | INFO     | api.app                          | ============================================================
2026-04-30 17:32:36 | INFO     | api.app                          |   Unysis PQC Framework API  —  starting up
2026-04-30 17:32:36 | INFO     | api.app                          | ============================================================
2026-04-30 17:35:12 | INFO     | api.app                          | Unysis PQC Framework API  —  shutting down
